  Bank.c
C:\Users\OWNER\source\repos\BankProject\BankProject\Bank.c(318,14): warning C4047: '함수': 'FILE *const '의 간접 참조 수준이 'int'과(와) 다릅니다.
C:\Users\OWNER\source\repos\BankProject\BankProject\Bank.c(318,12): warning C4024: 'fprintf': 형식 및 실제 매개 변수 1의 형식이 서로 다릅니다.
C:\Users\OWNER\source\repos\BankProject\BankProject\Bank.c(319,14): warning C4047: '함수': 'FILE *const '의 간접 참조 수준이 'int'과(와) 다릅니다.
C:\Users\OWNER\source\repos\BankProject\BankProject\Bank.c(319,12): warning C4024: 'fprintf': 형식 및 실제 매개 변수 1의 형식이 서로 다릅니다.
C:\Users\OWNER\source\repos\BankProject\BankProject\Bank.c(320,14): warning C4047: '함수': 'FILE *const '의 간접 참조 수준이 'int'과(와) 다릅니다.
C:\Users\OWNER\source\repos\BankProject\BankProject\Bank.c(320,12): warning C4024: 'fprintf': 형식 및 실제 매개 변수 1의 형식이 서로 다릅니다.
C:\Users\OWNER\source\repos\BankProject\BankProject\Bank.c(324,15): warning C4047: '함수': 'FILE *const '의 간접 참조 수준이 'int'과(와) 다릅니다.
C:\Users\OWNER\source\repos\BankProject\BankProject\Bank.c(324,13): warning C4024: 'fprintf': 형식 및 실제 매개 변수 1의 형식이 서로 다릅니다.
C:\Users\OWNER\source\repos\BankProject\BankProject\Bank.c(325,15): warning C4047: '함수': 'FILE *const '의 간접 참조 수준이 'int'과(와) 다릅니다.
C:\Users\OWNER\source\repos\BankProject\BankProject\Bank.c(325,13): warning C4024: 'fprintf': 형식 및 실제 매개 변수 1의 형식이 서로 다릅니다.
C:\Users\OWNER\source\repos\BankProject\BankProject\Bank.c(327,13): warning C4047: '함수': 'FILE *'의 간접 참조 수준이 'int'과(와) 다릅니다.
C:\Users\OWNER\source\repos\BankProject\BankProject\Bank.c(327,11): warning C4024: 'fclose': 형식 및 실제 매개 변수 1의 형식이 서로 다릅니다.
C:\Users\OWNER\source\repos\BankProject\BankProject\Bank.c(348,13): warning C4244: '함수': 'double'에서 'int'(으)로 변환하면서 데이터가 손실될 수 있습니다.
C:\Users\OWNER\source\repos\BankProject\BankProject\Bank.c(354,13): warning C4244: '함수': 'double'에서 'int'(으)로 변환하면서 데이터가 손실될 수 있습니다.
C:\Users\OWNER\source\repos\BankProject\BankProject\Bank.c(356,6): warning C4013: 'gets'이(가) 정의되지 않았습니다. extern은 int형을 반환하는 것으로 간주합니다.
C:\Users\OWNER\source\repos\BankProject\BankProject\Bank.c(358,13): warning C4244: '함수': 'double'에서 'int'(으)로 변환하면서 데이터가 손실될 수 있습니다.
C:\Users\OWNER\source\repos\BankProject\BankProject\Bank.c(364,13): warning C4244: '함수': 'double'에서 'int'(으)로 변환하면서 데이터가 손실될 수 있습니다.
C:\Users\OWNER\source\repos\BankProject\BankProject\Bank.c(370,13): warning C4244: '함수': 'double'에서 'int'(으)로 변환하면서 데이터가 손실될 수 있습니다.
C:\Users\OWNER\source\repos\BankProject\BankProject\Bank.c(335,9): warning C4101: 'j' :참조되지 않은 지역 변수입니다.
C:\Users\OWNER\source\repos\BankProject\BankProject\Bank.c(335,6): warning C4101: 'i' :참조되지 않은 지역 변수입니다.
C:\Users\OWNER\source\repos\BankProject\BankProject\Bank.c(336,6): warning C4101: 'num' :참조되지 않은 지역 변수입니다.
C:\Users\OWNER\source\repos\BankProject\BankProject\Bank.c(331): warning C4715: 'log_in': 모든 제어 경로에서 값을 반환하지는 않습니다.
  BankProject.vcxproj -> C:\Users\OWNER\source\repos\BankProject\x64\Debug\BankProject.exe
